2023-10-02 00:01:47,334 - INFO     - 日志路径: C:\Users\Administrator\PycharmProjects\moonlight\logs
2023-10-02 00:01:47,350 - INFO     - 启动 1 个线程...
2023-10-02 00:01:47,350 - INFO     - 初始化线程op对象
2023-10-02 00:01:47,447 - INFO     - 0.4.2.0
2023-10-02 00:01:47,447 - INFO     - C:\Users\Administrator\PycharmProjects\moonlight\resources
2023-10-02 00:01:48,906 - INFO     - 线程: 50680 运行中...
2023-10-02 00:03:23,453 - INFO     - 日志路径: C:\Users\Administrator\PycharmProjects\moonlight\logs
2023-10-02 00:03:23,453 - INFO     - 启动 1 个线程...
2023-10-02 00:03:23,453 - INFO     - 初始化线程op对象
2023-10-02 00:03:23,564 - INFO     - 0.4.2.0
2023-10-02 00:03:23,564 - INFO     - C:\Users\Administrator\PycharmProjects\moonlight\resources
2023-10-02 00:03:24,972 - INFO     - 线程: 54188 运行中...
2023-10-02 00:03:45,290 - INFO     - 日志路径: C:\Users\Administrator\PycharmProjects\moonlight\logs
2023-10-02 00:03:45,306 - INFO     - 启动 1 个线程...
2023-10-02 00:03:45,306 - INFO     - 初始化线程op对象
2023-10-02 00:03:45,415 - INFO     - 0.4.2.0
2023-10-02 00:03:45,415 - INFO     - C:\Users\Administrator\PycharmProjects\moonlight\resources
2023-10-02 00:03:47,148 - INFO     - 线程: 52324 运行中...
2023-10-02 00:05:48,968 - INFO     - 日志路径: C:\Users\Administrator\PycharmProjects\moonlight\logs
2023-10-02 00:05:48,987 - INFO     - 启动 1 个线程...
2023-10-02 00:05:48,987 - INFO     - 初始化线程op对象
2023-10-02 00:05:49,110 - INFO     - 0.4.2.0
2023-10-02 00:05:49,110 - INFO     - C:\Users\Administrator\PycharmProjects\moonlight\resources
2023-10-02 00:05:51,273 - INFO     - 线程: 48436 运行中...
2023-10-02 00:06:10,467 - INFO     - 日志路径: C:\Users\Administrator\PycharmProjects\moonlight\logs
2023-10-02 00:06:10,482 - INFO     - 启动 1 个线程...
2023-10-02 00:06:10,482 - INFO     - 初始化线程op对象
2023-10-02 00:06:10,598 - INFO     - 0.4.2.0
2023-10-02 00:06:10,598 - INFO     - C:\Users\Administrator\PycharmProjects\moonlight\resources
2023-10-02 00:06:12,195 - INFO     - 线程: 27036 运行中...
2023-10-02 00:10:04,188 - INFO     - 日志路径: C:\Users\Administrator\PycharmProjects\moonlight\logs
2023-10-02 00:10:04,208 - INFO     - 启动 1 个线程...
2023-10-02 00:10:04,209 - INFO     - 初始化线程op对象
2023-10-02 00:10:04,355 - INFO     - 0.4.2.0
2023-10-02 00:10:04,356 - INFO     - C:\Users\Administrator\PycharmProjects\moonlight\resources
2023-10-02 00:10:06,091 - INFO     - 线程: 55992 运行中...
2023-10-02 00:10:35,631 - INFO     - 日志路径: C:\Users\Administrator\PycharmProjects\moonlight\logs
2023-10-02 00:10:35,651 - INFO     - 启动 1 个线程...
2023-10-02 00:10:35,652 - INFO     - 初始化线程op对象
2023-10-02 00:10:35,779 - INFO     - 0.4.2.0
2023-10-02 00:10:35,779 - INFO     - C:\Users\Administrator\PycharmProjects\moonlight\resources
2023-10-02 00:10:37,292 - INFO     - 线程: 10080 运行中...
2023-10-02 00:10:52,336 - INFO     - 日志路径: C:\Users\Administrator\PycharmProjects\moonlight\logs
2023-10-02 00:10:52,350 - INFO     - 启动 1 个线程...
2023-10-02 00:10:52,352 - INFO     - 初始化线程op对象
2023-10-02 00:10:52,467 - INFO     - 0.4.2.0
2023-10-02 00:10:52,467 - INFO     - C:\Users\Administrator\PycharmProjects\moonlight\resources
2023-10-02 00:10:53,524 - INFO     - 线程: 54132 运行中...
2023-10-02 00:12:50,667 - INFO     - 日志路径: C:\Users\Administrator\PycharmProjects\moonlight\logs
2023-10-02 00:12:50,680 - INFO     - 启动 1 个线程...
2023-10-02 00:12:50,681 - INFO     - 初始化线程op对象
2023-10-02 00:12:50,814 - INFO     - 0.4.2.0
2023-10-02 00:12:50,814 - INFO     - C:\Users\Administrator\PycharmProjects\moonlight\resources
2023-10-02 00:12:54,656 - INFO     - 线程: 56136 运行中...
2023-10-02 00:13:00,868 - INFO     - 日志路径: C:\Users\Administrator\PycharmProjects\moonlight\logs
2023-10-02 00:13:00,883 - INFO     - 启动 1 个线程...
2023-10-02 00:13:00,884 - INFO     - 初始化线程op对象
2023-10-02 00:13:00,991 - INFO     - 0.4.2.0
2023-10-02 00:13:00,991 - INFO     - C:\Users\Administrator\PycharmProjects\moonlight\resources
2023-10-02 00:13:02,435 - INFO     - 线程: 55820 运行中...
2023-10-02 00:15:40,524 - INFO     - 日志路径: C:\Users\Administrator\PycharmProjects\moonlight\logs
2023-10-02 00:15:40,540 - INFO     - 启动 1 个线程...
2023-10-02 00:15:40,540 - INFO     - 初始化线程op对象
2023-10-02 00:15:40,669 - INFO     - 0.4.2.0
2023-10-02 00:15:40,669 - INFO     - C:\Users\Administrator\PycharmProjects\moonlight\resources
2023-10-02 00:15:41,764 - INFO     - 线程: 9864 运行中...
2023-10-02 00:17:06,772 - INFO     - 日志路径: C:\Users\Administrator\PycharmProjects\moonlight\logs
2023-10-02 00:17:06,792 - INFO     - 启动 1 个线程...
2023-10-02 00:17:06,792 - INFO     - 初始化线程op对象
2023-10-02 00:17:06,903 - INFO     - 0.4.2.0
2023-10-02 00:17:06,903 - INFO     - C:\Users\Administrator\PycharmProjects\moonlight\resources
2023-10-02 00:17:07,947 - INFO     - 线程: 45660 运行中...
2023-10-02 00:17:18,010 - INFO     - 日志路径: C:\Users\Administrator\PycharmProjects\moonlight\logs
2023-10-02 00:17:18,025 - INFO     - 启动 1 个线程...
2023-10-02 00:17:18,025 - INFO     - 初始化线程op对象
2023-10-02 00:17:18,135 - INFO     - 0.4.2.0
2023-10-02 00:17:18,135 - INFO     - C:\Users\Administrator\PycharmProjects\moonlight\resources
2023-10-02 00:17:19,741 - INFO     - 线程: 48872 运行中...
2023-10-02 00:19:24,133 - INFO     - 日志路径: C:\Users\Administrator\PycharmProjects\moonlight\logs
2023-10-02 00:19:24,148 - INFO     - 启动 1 个线程...
2023-10-02 00:19:24,148 - INFO     - 初始化线程op对象
2023-10-02 00:19:24,243 - INFO     - 0.4.2.0
2023-10-02 00:19:24,258 - INFO     - C:\Users\Administrator\PycharmProjects\moonlight\resources
2023-10-02 00:19:25,836 - INFO     - 线程: 50680 运行中...
2023-10-02 00:20:06,553 - INFO     - 日志路径: C:\Users\Administrator\PycharmProjects\moonlight\logs
2023-10-02 00:20:06,569 - INFO     - 启动 1 个线程...
2023-10-02 00:20:06,569 - INFO     - 初始化线程op对象
2023-10-02 00:20:06,664 - INFO     - 0.4.2.0
2023-10-02 00:20:06,664 - INFO     - C:\Users\Administrator\PycharmProjects\moonlight\resources
2023-10-02 00:20:08,841 - INFO     - 线程: 37060 运行中...
2023-10-02 00:21:41,741 - INFO     - 日志路径: C:\Users\Administrator\PycharmProjects\moonlight\logs
2023-10-02 00:21:41,757 - INFO     - 启动 1 个线程...
2023-10-02 00:21:41,757 - INFO     - 初始化线程op对象
2023-10-02 00:21:41,870 - INFO     - 0.4.2.0
2023-10-02 00:21:41,870 - INFO     - C:\Users\Administrator\PycharmProjects\moonlight\resources
2023-10-02 00:21:43,345 - INFO     - 线程: 56160 运行中...
2023-10-02 00:22:15,545 - INFO     - 日志路径: C:\Users\Administrator\PycharmProjects\moonlight\logs
2023-10-02 00:22:15,570 - INFO     - 启动 1 个线程...
2023-10-02 00:22:15,570 - INFO     - 初始化线程op对象
2023-10-02 00:22:15,680 - INFO     - 0.4.2.0
2023-10-02 00:22:15,680 - INFO     - C:\Users\Administrator\PycharmProjects\moonlight\resources
2023-10-02 00:22:17,189 - INFO     - 线程: 53692 运行中...
2023-10-02 00:23:00,191 - INFO     - 日志路径: C:\Users\Administrator\PycharmProjects\moonlight\logs
2023-10-02 00:23:00,207 - INFO     - 启动 1 个线程...
2023-10-02 00:23:00,207 - INFO     - 初始化线程op对象
2023-10-02 00:23:00,334 - INFO     - 0.4.2.0
2023-10-02 00:23:00,334 - INFO     - C:\Users\Administrator\PycharmProjects\moonlight\resources
2023-10-02 00:23:01,565 - INFO     - 线程: 50472 运行中...
2023-10-02 00:23:50,289 - INFO     - 日志路径: C:\Users\Administrator\PycharmProjects\moonlight\logs
2023-10-02 00:23:50,321 - INFO     - 启动 1 个线程...
2023-10-02 00:23:50,321 - INFO     - 初始化线程op对象
2023-10-02 00:23:50,431 - INFO     - 0.4.2.0
2023-10-02 00:23:50,431 - INFO     - C:\Users\Administrator\PycharmProjects\moonlight\resources
2023-10-02 00:23:51,919 - INFO     - 线程: 30748 运行中...
2023-10-02 00:24:05,841 - INFO     - 日志路径: C:\Users\Administrator\PycharmProjects\moonlight\logs
2023-10-02 00:24:05,861 - INFO     - 启动 1 个线程...
2023-10-02 00:24:05,861 - INFO     - 初始化线程op对象
2023-10-02 00:24:05,961 - INFO     - 0.4.2.0
2023-10-02 00:24:05,961 - INFO     - C:\Users\Administrator\PycharmProjects\moonlight\resources
2023-10-02 00:24:07,038 - INFO     - 线程: 55748 运行中...
2023-10-02 00:25:24,564 - INFO     - 日志路径: C:\Users\Administrator\PycharmProjects\moonlight\logs
2023-10-02 00:25:24,586 - INFO     - 启动 1 个线程...
2023-10-02 00:25:24,587 - INFO     - 初始化线程op对象
2023-10-02 00:25:24,715 - INFO     - 0.4.2.0
2023-10-02 00:25:24,715 - INFO     - C:\Users\Administrator\PycharmProjects\moonlight\resources
2023-10-02 00:25:26,435 - INFO     - 线程: 41324 运行中...
2023-10-02 00:28:42,808 - INFO     - 日志路径: C:\Users\Administrator\PycharmProjects\moonlight\logs
2023-10-02 00:28:42,856 - INFO     - 启动 1 个线程...
2023-10-02 00:28:42,856 - INFO     - 初始化线程op对象
2023-10-02 00:28:43,000 - INFO     - 0.4.2.0
2023-10-02 00:28:43,000 - INFO     - C:\Users\Administrator\PycharmProjects\moonlight\resources
2023-10-02 00:28:44,206 - INFO     - 线程: 53696 运行中...
2023-10-02 00:29:12,825 - INFO     - 日志路径: C:\Users\Administrator\PycharmProjects\moonlight\logs
2023-10-02 00:29:12,838 - INFO     - 启动 1 个线程...
2023-10-02 00:29:12,839 - INFO     - 初始化线程op对象
2023-10-02 00:29:12,954 - INFO     - 0.4.2.0
2023-10-02 00:29:12,954 - INFO     - C:\Users\Administrator\PycharmProjects\moonlight\resources
2023-10-02 00:29:14,548 - INFO     - 线程: 53796 运行中...
2023-10-02 00:30:06,500 - INFO     - 日志路径: C:\Users\Administrator\PycharmProjects\moonlight\logs
2023-10-02 00:30:06,516 - INFO     - 启动 1 个线程...
2023-10-02 00:30:06,516 - INFO     - 初始化线程op对象
2023-10-02 00:30:06,647 - INFO     - 0.4.2.0
2023-10-02 00:30:06,647 - INFO     - C:\Users\Administrator\PycharmProjects\moonlight\resources
2023-10-02 00:30:08,159 - INFO     - 线程: 55488 运行中...
2023-10-02 00:30:40,227 - INFO     - 日志路径: C:\Users\Administrator\PycharmProjects\moonlight\logs
2023-10-02 00:30:40,233 - INFO     - 启动 1 个线程...
2023-10-02 00:30:40,233 - INFO     - 初始化线程op对象
2023-10-02 00:30:40,335 - INFO     - 0.4.2.0
2023-10-02 00:30:40,335 - INFO     - C:\Users\Administrator\PycharmProjects\moonlight\resources
2023-10-02 00:30:41,695 - INFO     - 线程: 54660 运行中...
2023-10-02 00:30:57,735 - INFO     - 日志路径: C:\Users\Administrator\PycharmProjects\moonlight\logs
2023-10-02 00:30:57,762 - INFO     - 启动 1 个线程...
2023-10-02 00:30:57,762 - INFO     - 初始化线程op对象
2023-10-02 00:30:57,864 - INFO     - 0.4.2.0
2023-10-02 00:30:57,864 - INFO     - C:\Users\Administrator\PycharmProjects\moonlight\resources
2023-10-02 00:30:58,964 - INFO     - 线程: 56024 运行中...
2023-10-02 00:31:02,896 - INFO     - 枚举窗口 hwnd: 1380162 成功
2023-10-02 00:31:07,133 - INFO     - 枚举窗口 hwnd: 856876 成功
2023-10-02 00:31:10,000 - INFO     - 未绑定的窗口 ['1380162', '856876']
2023-10-02 22:52:03,503 - Log.py   - INFO  - 日志路径: C:\Users\Administrator\PycharmProjects\moonlight\logs
2023-10-02 22:52:03,523 - MainProcess.py - INFO  - 启动 1 个线程...
2023-10-02 22:52:03,523 - SubProcess.py - INFO  - 初始化线程op对象
2023-10-02 22:52:03,636 - OpTool.py - INFO  - 0.4.2.0
2023-10-02 22:52:03,636 - OpTool.py - INFO  - C:\Users\Administrator\PycharmProjects\moonlight\resources
2023-10-02 22:52:03,636 - SubProcess.py - INFO  - 线程: 1720 运行中...
2023-10-02 22:52:18,274 - Log.py     - INFO  - 日志路径: C:\Users\Administrator\PycharmProjects\moonlight\logs
2023-10-02 22:52:18,293 - MainProcess.py - INFO  - 启动 1 个线程...
2023-10-02 22:52:18,293 - SubProcess.py - INFO  - 初始化线程op对象
2023-10-02 22:52:18,413 - OpTool.py  - INFO  - 0.4.2.0
2023-10-02 22:52:18,413 - OpTool.py  - INFO  - C:\Users\Administrator\PycharmProjects\moonlight\resources
2023-10-02 22:52:18,413 - SubProcess.py - INFO  - 线程: 8024 运行中...
2023-10-02 22:52:26,613 - Log.py               - INFO  - 日志路径: C:\Users\Administrator\PycharmProjects\moonlight\logs
2023-10-02 22:52:26,631 - MainProcess.py       - INFO  - 启动 1 个线程...
2023-10-02 22:52:26,631 - SubProcess.py        - INFO  - 初始化线程op对象
2023-10-02 22:52:26,743 - OpTool.py            - INFO  - 0.4.2.0
2023-10-02 22:52:26,743 - OpTool.py            - INFO  - C:\Users\Administrator\PycharmProjects\moonlight\resources
2023-10-02 22:52:26,743 - SubProcess.py        - INFO  - 线程: 19160 运行中...
2023-10-02 22:52:56,416 - Log.py           - INFO  - 日志路径: C:\Users\Administrator\PycharmProjects\moonlight\logs
2023-10-02 22:52:56,416 - MainProcess.py   - INFO  - 启动 1 个线程...
2023-10-02 22:52:56,416 - SubProcess.py    - INFO  - 初始化线程op对象
2023-10-02 22:52:56,531 - OpTool.py        - INFO  - 0.4.2.0
2023-10-02 22:52:56,531 - OpTool.py        - INFO  - C:\Users\Administrator\PycharmProjects\moonlight\resources
2023-10-02 22:52:56,531 - SubProcess.py    - INFO  - 线程: 10984 运行中...
