2023-10-14 22:18:30,689 - Log.py           - INFO  - 日志路径: C:\Users\Administrator\PycharmProjects\moonlight\logs
2023-10-14 22:18:30,703 - MainProcess.py   - INFO  - 启动 1 个线程...
2023-10-14 22:18:30,832 - OpTool.py        - INFO  - 0.4.2.0
2023-10-14 22:18:30,832 - OpTool.py        - INFO  - C:\Users\Administrator\PycharmProjects\moonlight\resources
2023-10-14 22:18:30,847 - MainProcess.py   - INFO  - 枚举窗口 hwnd: 265472 成功
2023-10-14 22:19:21,099 - SubProcess.py    - INFO  - 初始化线程op对象
2023-10-14 22:19:21,169 - OpTool.py        - INFO  - 0.4.2.0
2023-10-14 22:19:21,169 - OpTool.py        - INFO  - C:\Users\Administrator\PycharmProjects\moonlight\resources
2023-10-14 22:19:21,170 - SubProcess.py    - INFO  - 线程: 4264 运行中...
2023-10-14 22:19:25,719 - SubProcess.py    - ERROR - 绑定失败
2023-10-14 22:19:25,719 - SubProcess.py    - INFO  - 线程: 4264 运行中...
2023-10-14 22:19:26,251 - SubProcess.py    - ERROR - 绑定失败
2023-10-14 22:19:26,251 - SubProcess.py    - INFO  - 线程: 4264 运行中...
2023-10-14 22:19:26,910 - SubProcess.py    - ERROR - 绑定失败
2023-10-14 22:19:26,910 - SubProcess.py    - INFO  - 线程: 4264 运行中...
2023-10-14 22:19:27,434 - SubProcess.py    - ERROR - 绑定失败
2023-10-14 22:19:27,434 - SubProcess.py    - INFO  - 线程: 4264 运行中...
2023-10-14 22:19:27,653 - SubProcess.py    - ERROR - 绑定失败
2023-10-14 22:19:27,654 - SubProcess.py    - INFO  - 线程: 4264 运行中...
2023-10-14 22:19:27,839 - SubProcess.py    - ERROR - 绑定失败
2023-10-14 22:19:27,839 - SubProcess.py    - INFO  - 线程: 4264 运行中...
2023-10-14 22:19:28,169 - SubProcess.py    - ERROR - 绑定失败
2023-10-14 22:19:28,170 - SubProcess.py    - INFO  - 线程: 4264 运行中...
2023-10-14 22:19:52,075 - Log.py           - INFO  - 日志路径: C:\Users\Administrator\PycharmProjects\moonlight\logs
2023-10-14 22:19:52,088 - MainProcess.py   - INFO  - 启动 1 个线程...
2023-10-14 22:19:52,203 - OpTool.py        - INFO  - 0.4.2.0
2023-10-14 22:19:52,203 - OpTool.py        - INFO  - C:\Users\Administrator\PycharmProjects\moonlight\resources
2023-10-14 22:19:52,205 - MainProcess.py   - INFO  - 枚举窗口 hwnd: 265472 成功
2023-10-14 22:19:55,206 - SubProcess.py    - INFO  - 初始化线程op对象
2023-10-14 22:19:55,276 - OpTool.py        - INFO  - 0.4.2.0
2023-10-14 22:19:55,277 - OpTool.py        - INFO  - C:\Users\Administrator\PycharmProjects\moonlight\resources
2023-10-14 22:19:55,277 - SubProcess.py    - INFO  - 线程: 19076 运行中...
2023-10-14 22:21:07,703 - Log.py           - INFO  - 日志路径: C:\Users\Administrator\PycharmProjects\moonlight\logs
2023-10-14 22:21:07,718 - MainProcess.py   - INFO  - 启动 1 个线程...
2023-10-14 22:21:07,820 - OpTool.py        - INFO  - 0.4.2.0
2023-10-14 22:21:07,820 - OpTool.py        - INFO  - C:\Users\Administrator\PycharmProjects\moonlight\resources
2023-10-14 22:21:07,822 - MainProcess.py   - INFO  - 枚举窗口 hwnd: 265472 成功
2023-10-14 22:21:07,830 - SubProcess.py    - INFO  - 初始化线程op对象
2023-10-14 22:21:07,903 - OpTool.py        - INFO  - 0.4.2.0
2023-10-14 22:21:07,903 - OpTool.py        - INFO  - C:\Users\Administrator\PycharmProjects\moonlight\resources
2023-10-14 22:21:07,903 - SubProcess.py    - INFO  - 线程: 20108 运行中...
2023-10-14 22:21:13,603 - SubProcess.py    - INFO  - 绑定成功
2023-10-14 22:21:20,915 - GameOperation.py - INFO  - 窗口句柄: 265472 游戏中...
2023-10-14 22:23:15,836 - Log.py           - INFO  - 日志路径: C:\Users\Administrator\PycharmProjects\moonlight\logs
2023-10-14 22:23:15,855 - MainProcess.py   - INFO  - 启动 1 个线程...
2023-10-14 22:23:16,005 - OpTool.py        - INFO  - 0.4.2.0
2023-10-14 22:23:16,005 - OpTool.py        - INFO  - C:\Users\Administrator\PycharmProjects\moonlight\resources
2023-10-14 22:23:16,008 - MainProcess.py   - INFO  - 枚举窗口 hwnd: 265472 成功
2023-10-14 22:23:16,021 - SubProcess.py    - INFO  - 初始化线程op对象
2023-10-14 22:23:16,121 - OpTool.py        - INFO  - 0.4.2.0
2023-10-14 22:23:16,122 - OpTool.py        - INFO  - C:\Users\Administrator\PycharmProjects\moonlight\resources
2023-10-14 22:23:16,122 - SubProcess.py    - INFO  - 线程: 15440 运行中...
2023-10-14 22:23:18,470 - SubProcess.py    - INFO  - 绑定成功
2023-10-14 22:23:18,471 - GameOperation.py - INFO  - 窗口句柄: 265472 游戏中...
2023-10-14 22:23:55,618 - Log.py           - INFO  - 日志路径: C:\Users\Administrator\PycharmProjects\moonlight\logs
2023-10-14 22:23:55,634 - MainProcess.py   - INFO  - 启动 1 个线程...
2023-10-14 22:23:55,735 - OpTool.py        - INFO  - 0.4.2.0
2023-10-14 22:23:55,736 - OpTool.py        - INFO  - C:\Users\Administrator\PycharmProjects\moonlight\resources
2023-10-14 22:23:55,737 - MainProcess.py   - INFO  - 枚举窗口 hwnd: 265472 成功
2023-10-14 22:23:55,745 - SubProcess.py    - INFO  - 初始化线程op对象
2023-10-14 22:23:55,829 - OpTool.py        - INFO  - 0.4.2.0
2023-10-14 22:23:55,829 - OpTool.py        - INFO  - C:\Users\Administrator\PycharmProjects\moonlight\resources
2023-10-14 22:23:55,830 - SubProcess.py    - INFO  - 线程: 2352 运行中...
2023-10-14 22:24:05,836 - SubProcess.py    - INFO  - 绑定成功
2023-10-14 22:24:05,836 - GameOperation.py - INFO  - 窗口句柄: 265472 游戏中...
2023-10-14 22:25:41,354 - Log.py           - INFO  - 日志路径: C:\Users\Administrator\PycharmProjects\moonlight\logs
2023-10-14 22:25:41,370 - MainProcess.py   - INFO  - 启动 1 个线程...
2023-10-14 22:25:41,503 - OpTool.py        - INFO  - 0.4.2.0
2023-10-14 22:25:41,503 - OpTool.py        - INFO  - C:\Users\Administrator\PycharmProjects\moonlight\resources
2023-10-14 22:25:41,506 - MainProcess.py   - INFO  - 枚举窗口 hwnd: 265472 成功
2023-10-14 22:25:41,521 - SubProcess.py    - INFO  - 初始化线程op对象
2023-10-14 22:25:41,585 - OpTool.py        - INFO  - 0.4.2.0
2023-10-14 22:25:41,585 - OpTool.py        - INFO  - C:\Users\Administrator\PycharmProjects\moonlight\resources
2023-10-14 22:25:41,586 - SubProcess.py    - INFO  - 线程: 20140 运行中...
2023-10-14 22:26:47,934 - Log.py           - INFO  - 日志路径: C:\Users\Administrator\PycharmProjects\moonlight\logs
2023-10-14 22:26:47,946 - MainProcess.py   - INFO  - 启动 1 个线程...
2023-10-14 22:26:48,053 - OpTool.py        - INFO  - 0.4.2.0
2023-10-14 22:26:48,053 - OpTool.py        - INFO  - C:\Users\Administrator\PycharmProjects\moonlight\resources
2023-10-14 22:26:48,057 - MainProcess.py   - INFO  - 枚举窗口 hwnd: 265472 成功
2023-10-14 22:26:48,073 - SubProcess.py    - INFO  - 初始化线程op对象
2023-10-14 22:26:48,180 - OpTool.py        - INFO  - 0.4.2.0
2023-10-14 22:26:48,180 - OpTool.py        - INFO  - C:\Users\Administrator\PycharmProjects\moonlight\resources
2023-10-14 22:26:48,181 - SubProcess.py    - INFO  - 线程: 18388 运行中...
2023-10-14 22:26:59,180 - Log.py           - INFO  - 日志路径: C:\Users\Administrator\PycharmProjects\moonlight\logs
2023-10-14 22:26:59,192 - MainProcess.py   - INFO  - 启动 1 个线程...
2023-10-14 22:26:59,277 - OpTool.py        - INFO  - 0.4.2.0
2023-10-14 22:26:59,278 - OpTool.py        - INFO  - C:\Users\Administrator\PycharmProjects\moonlight\resources
2023-10-14 22:26:59,279 - MainProcess.py   - INFO  - 枚举窗口 hwnd: 265472 成功
2023-10-14 22:26:59,286 - SubProcess.py    - INFO  - 初始化线程op对象
2023-10-14 22:26:59,362 - OpTool.py        - INFO  - 0.4.2.0
2023-10-14 22:26:59,362 - OpTool.py        - INFO  - C:\Users\Administrator\PycharmProjects\moonlight\resources
2023-10-14 22:26:59,363 - SubProcess.py    - INFO  - 线程: 8312 运行中...
2023-10-14 22:27:18,307 - Log.py           - INFO  - 日志路径: C:\Users\Administrator\PycharmProjects\moonlight\logs
2023-10-14 22:27:18,322 - MainProcess.py   - INFO  - 启动 1 个线程...
2023-10-14 22:27:18,438 - OpTool.py        - INFO  - 0.4.2.0
2023-10-14 22:27:18,438 - OpTool.py        - INFO  - C:\Users\Administrator\PycharmProjects\moonlight\resources
2023-10-14 22:27:18,441 - MainProcess.py   - INFO  - 枚举窗口 hwnd: 265472 成功
2023-10-14 22:27:18,457 - SubProcess.py    - INFO  - 初始化线程op对象
2023-10-14 22:27:18,541 - OpTool.py        - INFO  - 0.4.2.0
2023-10-14 22:27:18,541 - OpTool.py        - INFO  - C:\Users\Administrator\PycharmProjects\moonlight\resources
2023-10-14 22:27:18,541 - SubProcess.py    - INFO  - 线程: 17668 运行中...
2023-10-14 22:27:22,283 - SubProcess.py    - INFO  - 绑定成功
2023-10-14 22:27:22,283 - GameOperation.py - INFO  - 窗口句柄: 265472 游戏中...
2023-10-14 22:27:46,601 - Log.py           - INFO  - 日志路径: C:\Users\Administrator\PycharmProjects\moonlight\logs
2023-10-14 22:27:46,614 - MainProcess.py   - INFO  - 启动 1 个线程...
2023-10-14 22:27:46,695 - OpTool.py        - INFO  - 0.4.2.0
2023-10-14 22:27:46,695 - OpTool.py        - INFO  - C:\Users\Administrator\PycharmProjects\moonlight\resources
2023-10-14 22:27:46,696 - MainProcess.py   - INFO  - 枚举窗口 hwnd: 265472 成功
2023-10-14 22:27:46,707 - SubProcess.py    - INFO  - 初始化线程op对象
2023-10-14 22:27:46,768 - OpTool.py        - INFO  - 0.4.2.0
2023-10-14 22:27:46,768 - OpTool.py        - INFO  - C:\Users\Administrator\PycharmProjects\moonlight\resources
2023-10-14 22:27:46,768 - SubProcess.py    - INFO  - 线程: 9284 运行中...
2023-10-14 22:27:48,779 - SubProcess.py    - INFO  - 绑定成功
2023-10-14 22:27:48,779 - GameOperation.py - INFO  - 窗口句柄: 265472 游戏中...
2023-10-14 23:11:23,489 - Log.py           - INFO  - 日志路径: C:\Users\Administrator\PycharmProjects\moonlight\logs
2023-10-14 23:11:23,497 - MainProcess.py   - INFO  - 启动 1 个线程...
2023-10-14 23:11:23,616 - OpTool.py        - INFO  - 0.4.2.0
2023-10-14 23:11:23,616 - OpTool.py        - INFO  - C:\Users\Administrator\PycharmProjects\moonlight\resources
2023-10-14 23:11:25,152 - SubProcess.py    - INFO  - 初始化线程op对象
2023-10-14 23:11:25,221 - OpTool.py        - INFO  - 0.4.2.0
2023-10-14 23:11:25,221 - OpTool.py        - INFO  - C:\Users\Administrator\PycharmProjects\moonlight\resources
2023-10-14 23:11:25,221 - SubProcess.py    - INFO  - 线程: 15668 运行中...
2023-10-14 23:11:34,254 - SubProcess.py    - ERROR - 绑定失败
2023-10-14 23:11:34,254 - SubProcess.py    - INFO  - 线程: 15668 运行中...
2023-10-14 23:11:36,668 - SubProcess.py    - ERROR - 绑定失败
2023-10-14 23:11:36,668 - SubProcess.py    - INFO  - 线程: 15668 运行中...
2023-10-14 23:11:51,045 - Log.py           - INFO  - 日志路径: C:\Users\Administrator\PycharmProjects\moonlight\logs
2023-10-14 23:11:51,060 - MainProcess.py   - INFO  - 启动 1 个线程...
2023-10-14 23:11:51,157 - OpTool.py        - INFO  - 0.4.2.0
2023-10-14 23:11:51,157 - OpTool.py        - INFO  - C:\Users\Administrator\PycharmProjects\moonlight\resources
2023-10-14 23:12:11,188 - SubProcess.py    - INFO  - 初始化线程op对象
2023-10-14 23:12:11,253 - OpTool.py        - INFO  - 0.4.2.0
2023-10-14 23:12:11,253 - OpTool.py        - INFO  - C:\Users\Administrator\PycharmProjects\moonlight\resources
2023-10-14 23:12:11,253 - SubProcess.py    - INFO  - 线程: 22736 运行中...
2023-10-14 23:12:26,851 - Log.py           - INFO  - 日志路径: C:\Users\Administrator\PycharmProjects\moonlight\logs
2023-10-14 23:12:26,864 - MainProcess.py   - INFO  - 启动 1 个线程...
2023-10-14 23:12:26,962 - OpTool.py        - INFO  - 0.4.2.0
2023-10-14 23:12:26,962 - OpTool.py        - INFO  - C:\Users\Administrator\PycharmProjects\moonlight\resources
2023-10-14 23:12:29,605 - SubProcess.py    - INFO  - 初始化线程op对象
2023-10-14 23:12:29,668 - OpTool.py        - INFO  - 0.4.2.0
2023-10-14 23:12:29,669 - OpTool.py        - INFO  - C:\Users\Administrator\PycharmProjects\moonlight\resources
2023-10-14 23:12:29,669 - SubProcess.py    - INFO  - 线程: 23516 运行中...
2023-10-14 23:12:41,442 - SubProcess.py    - INFO  - 绑定成功
2023-10-14 23:12:53,817 - GameOperation.py - INFO  - 窗口句柄: 1315162 游戏中...
2023-10-14 23:13:19,138 - Log.py           - INFO  - 日志路径: C:\Users\Administrator\PycharmProjects\moonlight\logs
2023-10-14 23:13:19,154 - MainProcess.py   - INFO  - 启动 1 个线程...
2023-10-14 23:13:19,258 - OpTool.py        - INFO  - 0.4.2.0
2023-10-14 23:13:19,258 - OpTool.py        - INFO  - C:\Users\Administrator\PycharmProjects\moonlight\resources
2023-10-14 23:13:21,830 - SubProcess.py    - INFO  - 初始化线程op对象
2023-10-14 23:13:21,893 - OpTool.py        - INFO  - 0.4.2.0
2023-10-14 23:13:21,894 - OpTool.py        - INFO  - C:\Users\Administrator\PycharmProjects\moonlight\resources
2023-10-14 23:13:21,894 - SubProcess.py    - INFO  - 线程: 10880 运行中...
2023-10-14 23:13:22,104 - SubProcess.py    - INFO  - 绑定成功
2023-10-14 23:13:22,104 - GameOperation.py - INFO  - 窗口句柄: 1315162 游戏中...
2023-10-14 23:14:21,180 - Log.py           - INFO  - 日志路径: C:\Users\Administrator\PycharmProjects\moonlight\logs
2023-10-14 23:14:21,195 - MainProcess.py   - INFO  - 启动 1 个线程...
2023-10-14 23:14:21,304 - OpTool.py        - INFO  - 0.4.2.0
2023-10-14 23:14:21,304 - OpTool.py        - INFO  - C:\Users\Administrator\PycharmProjects\moonlight\resources
2023-10-14 23:14:21,325 - SubProcess.py    - INFO  - 初始化线程op对象
2023-10-14 23:14:21,414 - OpTool.py        - INFO  - 0.4.2.0
2023-10-14 23:14:21,415 - OpTool.py        - INFO  - C:\Users\Administrator\PycharmProjects\moonlight\resources
2023-10-14 23:14:21,415 - SubProcess.py    - INFO  - 线程: 9228 运行中...
2023-10-14 23:14:21,623 - SubProcess.py    - INFO  - 绑定成功
2023-10-14 23:14:21,623 - GameOperation.py - INFO  - 窗口句柄: 1315162 游戏中...
2023-10-14 23:16:39,911 - Log.py           - INFO  - 日志路径: C:\Users\Administrator\PycharmProjects\moonlight\logs
2023-10-14 23:16:39,926 - MainProcess.py   - INFO  - 启动 1 个线程...
2023-10-14 23:16:40,069 - OpTool.py        - INFO  - 0.4.2.0
2023-10-14 23:16:40,069 - OpTool.py        - INFO  - C:\Users\Administrator\PycharmProjects\moonlight\resources
2023-10-14 23:16:40,084 - SubProcess.py    - INFO  - 初始化线程op对象
2023-10-14 23:16:40,162 - OpTool.py        - INFO  - 0.4.2.0
2023-10-14 23:16:40,162 - OpTool.py        - INFO  - C:\Users\Administrator\PycharmProjects\moonlight\resources
2023-10-14 23:16:40,162 - SubProcess.py    - INFO  - 线程: 21740 运行中...
2023-10-14 23:16:40,364 - SubProcess.py    - INFO  - 绑定成功
2023-10-14 23:16:40,364 - GameOperation.py - INFO  - 窗口句柄: 1315162 游戏中...
2023-10-14 23:17:48,051 - Log.py           - INFO  - 日志路径: C:\Users\Administrator\PycharmProjects\moonlight\logs
2023-10-14 23:17:48,059 - MainProcess.py   - INFO  - 启动 1 个线程...
2023-10-14 23:17:48,187 - OpTool.py        - INFO  - 0.4.2.0
2023-10-14 23:17:48,187 - OpTool.py        - INFO  - C:\Users\Administrator\PycharmProjects\moonlight\resources
2023-10-14 23:17:48,187 - SubProcess.py    - INFO  - 初始化线程op对象
2023-10-14 23:17:48,250 - OpTool.py        - INFO  - 0.4.2.0
2023-10-14 23:17:48,250 - OpTool.py        - INFO  - C:\Users\Administrator\PycharmProjects\moonlight\resources
2023-10-14 23:17:48,250 - SubProcess.py    - INFO  - 线程: 13916 运行中...
2023-10-14 23:17:48,474 - SubProcess.py    - INFO  - 绑定成功
2023-10-14 23:17:48,474 - GameOperation.py - INFO  - 窗口句柄: 1315162 游戏中...
