2023-10-04 00:05:07,213 - Log.py           - INFO  - 日志路径: C:\Users\Administrator\PycharmProjects\moonlight\logs
2023-10-04 00:05:07,214 - MainProcess.py   - INFO  - 启动 1 个线程...
2023-10-04 00:05:07,310 - OpTool.py        - INFO  - 0.4.2.0
2023-10-04 00:05:07,310 - OpTool.py        - INFO  - C:\Users\Administrator\PycharmProjects\moonlight\resources
2023-10-04 00:05:07,311 - MainProcess.py   - INFO  - 枚举窗口 hwnd: 395780 成功
2023-10-04 00:05:07,320 - SubProcess.py    - INFO  - 初始化线程op对象
2023-10-04 00:05:07,381 - OpTool.py        - INFO  - 0.4.2.0
2023-10-04 00:05:07,381 - OpTool.py        - INFO  - C:\Users\Administrator\PycharmProjects\moonlight\resources
2023-10-04 00:05:07,382 - SubProcess.py    - INFO  - 线程: 44396 运行中...
2023-10-04 00:05:07,593 - SubProcess.py    - INFO  - 绑定成功
2023-10-04 00:05:07,593 - GameOpration.py  - INFO  - 窗口句柄: 395780 游戏中...
2023-10-04 00:05:34,275 - Log.py           - INFO  - 日志路径: C:\Users\Administrator\PycharmProjects\moonlight\logs
2023-10-04 00:05:34,276 - MainProcess.py   - INFO  - 启动 1 个线程...
2023-10-04 00:05:34,373 - OpTool.py        - INFO  - 0.4.2.0
2023-10-04 00:05:34,373 - OpTool.py        - INFO  - C:\Users\Administrator\PycharmProjects\moonlight\resources
2023-10-04 00:05:34,374 - MainProcess.py   - INFO  - 枚举窗口 hwnd: 395780 成功
2023-10-04 00:05:34,382 - SubProcess.py    - INFO  - 初始化线程op对象
2023-10-04 00:05:34,442 - OpTool.py        - INFO  - 0.4.2.0
2023-10-04 00:05:34,442 - OpTool.py        - INFO  - C:\Users\Administrator\PycharmProjects\moonlight\resources
2023-10-04 00:05:34,442 - SubProcess.py    - INFO  - 线程: 44368 运行中...
2023-10-04 00:05:34,657 - SubProcess.py    - INFO  - 绑定成功
2023-10-04 00:05:34,657 - GameOpration.py  - INFO  - 窗口句柄: 395780 游戏中...
2023-10-04 00:05:37,926 - GameOpration.py  - INFO  - 窗口句柄: 395780 游戏中...
2023-10-04 00:05:39,948 - GameOpration.py  - INFO  - 窗口句柄: 395780 游戏中...
2023-10-04 00:05:42,631 - Log.py           - INFO  - 日志路径: C:\Users\Administrator\PycharmProjects\moonlight\logs
2023-10-04 00:05:42,631 - MainProcess.py   - INFO  - 启动 1 个线程...
2023-10-04 00:05:42,758 - OpTool.py        - INFO  - 0.4.2.0
2023-10-04 00:05:42,758 - OpTool.py        - INFO  - C:\Users\Administrator\PycharmProjects\moonlight\resources
2023-10-04 00:05:42,761 - MainProcess.py   - INFO  - 枚举窗口 hwnd: 395780 成功
2023-10-04 00:05:42,778 - SubProcess.py    - INFO  - 初始化线程op对象
2023-10-04 00:05:42,852 - OpTool.py        - INFO  - 0.4.2.0
2023-10-04 00:05:42,852 - OpTool.py        - INFO  - C:\Users\Administrator\PycharmProjects\moonlight\resources
2023-10-04 00:05:42,852 - SubProcess.py    - INFO  - 线程: 44900 运行中...
2023-10-04 00:05:43,078 - SubProcess.py    - INFO  - 绑定成功
2023-10-04 00:05:43,078 - GameOpration.py  - INFO  - 窗口句柄: 395780 游戏中...
2023-10-04 00:05:52,224 - GameOpration.py  - INFO  - 窗口句柄: 395780 游戏中...
2023-10-04 00:08:13,711 - Log.py           - INFO  - 日志路径: C:\Users\Administrator\PycharmProjects\moonlight\logs
2023-10-04 00:08:13,713 - MainProcess.py   - INFO  - 启动 1 个线程...
2023-10-04 00:08:13,805 - OpTool.py        - INFO  - 0.4.2.0
2023-10-04 00:08:13,805 - OpTool.py        - INFO  - C:\Users\Administrator\PycharmProjects\moonlight\resources
2023-10-04 00:08:13,806 - MainProcess.py   - INFO  - 枚举窗口 hwnd: 395780 成功
2023-10-04 00:08:13,815 - SubProcess.py    - INFO  - 初始化线程op对象
2023-10-04 00:08:13,874 - OpTool.py        - INFO  - 0.4.2.0
2023-10-04 00:08:13,874 - OpTool.py        - INFO  - C:\Users\Administrator\PycharmProjects\moonlight\resources
2023-10-04 00:08:13,874 - SubProcess.py    - INFO  - 线程: 44088 运行中...
2023-10-04 00:08:15,448 - SubProcess.py    - ERROR - 绑定失败
2023-10-04 00:08:15,449 - SubProcess.py    - INFO  - 线程: 44088 运行中...
2023-10-04 00:08:16,199 - SubProcess.py    - ERROR - 绑定失败
2023-10-04 00:08:16,199 - SubProcess.py    - INFO  - 线程: 44088 运行中...
2023-10-04 00:09:52,389 - Log.py           - INFO  - 日志路径: C:\Users\Administrator\PycharmProjects\moonlight\logs
2023-10-04 00:09:52,402 - MainProcess.py   - INFO  - 启动 1 个线程...
2023-10-04 00:09:52,493 - OpTool.py        - INFO  - 0.4.2.0
2023-10-04 00:09:52,493 - OpTool.py        - INFO  - C:\Users\Administrator\PycharmProjects\moonlight\resources
2023-10-04 00:09:52,495 - MainProcess.py   - INFO  - 枚举窗口 hwnd: 395780 成功
2023-10-04 00:09:52,504 - SubProcess.py    - INFO  - 初始化线程op对象
2023-10-04 00:09:52,563 - OpTool.py        - INFO  - 0.4.2.0
2023-10-04 00:09:52,563 - OpTool.py        - INFO  - C:\Users\Administrator\PycharmProjects\moonlight\resources
2023-10-04 00:09:52,564 - SubProcess.py    - INFO  - 线程: 44864 运行中...
2023-10-04 00:09:56,342 - SubProcess.py    - INFO  - 绑定成功
2023-10-04 00:09:59,258 - GameOpration.py  - INFO  - 窗口句柄: 395780 游戏中...
2023-10-04 00:10:08,050 - GameOpration.py  - INFO  - 窗口句柄: 395780 游戏中...
2023-10-04 00:10:10,070 - GameOpration.py  - INFO  - 窗口句柄: 395780 游戏中...
2023-10-04 00:10:12,086 - GameOpration.py  - INFO  - 窗口句柄: 395780 游戏中...
2023-10-04 00:10:14,105 - GameOpration.py  - INFO  - 窗口句柄: 395780 游戏中...
2023-10-04 00:10:16,133 - GameOpration.py  - INFO  - 窗口句柄: 395780 游戏中...
2023-10-04 00:10:18,151 - GameOpration.py  - INFO  - 窗口句柄: 395780 游戏中...
2023-10-04 00:10:20,168 - GameOpration.py  - INFO  - 窗口句柄: 395780 游戏中...
2023-10-04 00:10:22,183 - GameOpration.py  - INFO  - 窗口句柄: 395780 游戏中...
2023-10-04 00:10:24,196 - GameOpration.py  - INFO  - 窗口句柄: 395780 游戏中...
2023-10-04 00:10:26,222 - GameOpration.py  - INFO  - 窗口句柄: 395780 游戏中...
2023-10-04 00:10:28,236 - GameOpration.py  - INFO  - 窗口句柄: 395780 游戏中...
2023-10-04 00:10:30,258 - GameOpration.py  - INFO  - 窗口句柄: 395780 游戏中...
2023-10-04 00:10:32,280 - GameOpration.py  - INFO  - 窗口句柄: 395780 游戏中...
2023-10-04 00:10:34,304 - GameOpration.py  - INFO  - 窗口句柄: 395780 游戏中...
2023-10-04 00:10:36,327 - GameOpration.py  - INFO  - 窗口句柄: 395780 游戏中...
2023-10-04 00:10:38,337 - GameOpration.py  - INFO  - 窗口句柄: 395780 游戏中...
2023-10-04 00:10:40,360 - GameOpration.py  - INFO  - 窗口句柄: 395780 游戏中...
2023-10-04 00:10:42,379 - GameOpration.py  - INFO  - 窗口句柄: 395780 游戏中...
2023-10-04 00:10:44,390 - GameOpration.py  - INFO  - 窗口句柄: 395780 游戏中...
2023-10-04 00:10:46,412 - GameOpration.py  - INFO  - 窗口句柄: 395780 游戏中...
2023-10-04 00:10:48,428 - GameOpration.py  - INFO  - 窗口句柄: 395780 游戏中...
2023-10-04 00:10:50,447 - GameOpration.py  - INFO  - 窗口句柄: 395780 游戏中...
2023-10-04 00:10:52,468 - GameOpration.py  - INFO  - 窗口句柄: 395780 游戏中...
2023-10-04 00:10:54,489 - GameOpration.py  - INFO  - 窗口句柄: 395780 游戏中...
2023-10-04 00:10:56,508 - GameOpration.py  - INFO  - 窗口句柄: 395780 游戏中...
2023-10-04 00:10:58,531 - GameOpration.py  - INFO  - 窗口句柄: 395780 游戏中...
2023-10-04 00:11:00,545 - GameOpration.py  - INFO  - 窗口句柄: 395780 游戏中...
2023-10-04 00:11:02,559 - GameOpration.py  - INFO  - 窗口句柄: 395780 游戏中...
2023-10-04 00:11:04,577 - GameOpration.py  - INFO  - 窗口句柄: 395780 游戏中...
2023-10-04 00:11:06,647 - Log.py           - INFO  - 日志路径: C:\Users\Administrator\PycharmProjects\moonlight\logs
2023-10-04 00:11:06,664 - MainProcess.py   - INFO  - 启动 1 个线程...
2023-10-04 00:11:06,766 - OpTool.py        - INFO  - 0.4.2.0
2023-10-04 00:11:06,766 - OpTool.py        - INFO  - C:\Users\Administrator\PycharmProjects\moonlight\resources
2023-10-04 00:11:06,770 - MainProcess.py   - INFO  - 枚举窗口 hwnd: 395780 成功
2023-10-04 00:11:06,779 - SubProcess.py    - INFO  - 初始化线程op对象
2023-10-04 00:11:06,842 - OpTool.py        - INFO  - 0.4.2.0
2023-10-04 00:11:06,842 - OpTool.py        - INFO  - C:\Users\Administrator\PycharmProjects\moonlight\resources
2023-10-04 00:11:06,842 - SubProcess.py    - INFO  - 线程: 41424 运行中...
2023-10-04 00:11:16,863 - SubProcess.py    - INFO  - 绑定成功
2023-10-04 00:11:18,614 - GameOpration.py  - INFO  - 窗口句柄: 395780 游戏中...
2023-10-04 00:12:26,434 - Log.py           - INFO  - 日志路径: C:\Users\Administrator\PycharmProjects\moonlight\logs
2023-10-04 00:12:26,451 - MainProcess.py   - INFO  - 启动 1 个线程...
2023-10-04 00:12:26,552 - OpTool.py        - INFO  - 0.4.2.0
2023-10-04 00:12:26,552 - OpTool.py        - INFO  - C:\Users\Administrator\PycharmProjects\moonlight\resources
2023-10-04 00:12:26,554 - MainProcess.py   - INFO  - 枚举窗口 hwnd: 395780 成功
2023-10-04 00:12:26,562 - SubProcess.py    - INFO  - 初始化线程op对象
2023-10-04 00:12:26,635 - OpTool.py        - INFO  - 0.4.2.0
2023-10-04 00:12:26,635 - OpTool.py        - INFO  - C:\Users\Administrator\PycharmProjects\moonlight\resources
2023-10-04 00:12:26,635 - SubProcess.py    - INFO  - 线程: 39192 运行中...
2023-10-04 00:12:29,987 - SubProcess.py    - INFO  - 绑定成功
2023-10-04 00:12:31,380 - GameOpration.py  - INFO  - 窗口句柄: 395780 游戏中...
2023-10-04 00:12:46,218 - Log.py           - INFO  - 日志路径: C:\Users\Administrator\PycharmProjects\moonlight\logs
2023-10-04 00:12:46,218 - MainProcess.py   - INFO  - 启动 1 个线程...
2023-10-04 00:12:46,312 - OpTool.py        - INFO  - 0.4.2.0
2023-10-04 00:12:46,313 - OpTool.py        - INFO  - C:\Users\Administrator\PycharmProjects\moonlight\resources
2023-10-04 00:12:46,314 - MainProcess.py   - INFO  - 枚举窗口 hwnd: 395780 成功
2023-10-04 00:12:46,323 - SubProcess.py    - INFO  - 初始化线程op对象
2023-10-04 00:12:46,386 - OpTool.py        - INFO  - 0.4.2.0
2023-10-04 00:12:46,386 - OpTool.py        - INFO  - C:\Users\Administrator\PycharmProjects\moonlight\resources
2023-10-04 00:12:46,386 - SubProcess.py    - INFO  - 线程: 37904 运行中...
2023-10-04 00:12:46,599 - SubProcess.py    - INFO  - 绑定成功
2023-10-04 00:12:46,599 - GameOpration.py  - INFO  - 窗口句柄: 395780 游戏中...
2023-10-04 00:13:02,922 - Log.py           - INFO  - 日志路径: C:\Users\Administrator\PycharmProjects\moonlight\logs
2023-10-04 00:13:02,923 - MainProcess.py   - INFO  - 启动 1 个线程...
2023-10-04 00:13:03,022 - OpTool.py        - INFO  - 0.4.2.0
2023-10-04 00:13:03,022 - OpTool.py        - INFO  - C:\Users\Administrator\PycharmProjects\moonlight\resources
2023-10-04 00:13:03,023 - MainProcess.py   - INFO  - 枚举窗口 hwnd: 395780 成功
2023-10-04 00:13:03,031 - SubProcess.py    - INFO  - 初始化线程op对象
2023-10-04 00:13:03,093 - OpTool.py        - INFO  - 0.4.2.0
2023-10-04 00:13:03,093 - OpTool.py        - INFO  - C:\Users\Administrator\PycharmProjects\moonlight\resources
2023-10-04 00:13:03,093 - SubProcess.py    - INFO  - 线程: 44660 运行中...
2023-10-04 00:13:03,314 - SubProcess.py    - INFO  - 绑定成功
2023-10-04 00:13:03,314 - GameOpration.py  - INFO  - 窗口句柄: 395780 游戏中...
2023-10-04 00:13:22,385 - Log.py           - INFO  - 日志路径: C:\Users\Administrator\PycharmProjects\moonlight\logs
2023-10-04 00:13:22,385 - MainProcess.py   - INFO  - 启动 1 个线程...
2023-10-04 00:13:22,512 - OpTool.py        - INFO  - 0.4.2.0
2023-10-04 00:13:22,513 - OpTool.py        - INFO  - C:\Users\Administrator\PycharmProjects\moonlight\resources
2023-10-04 00:13:22,516 - MainProcess.py   - INFO  - 枚举窗口 hwnd: 395780 成功
2023-10-04 00:13:22,530 - SubProcess.py    - INFO  - 初始化线程op对象
2023-10-04 00:13:22,599 - OpTool.py        - INFO  - 0.4.2.0
2023-10-04 00:13:22,600 - OpTool.py        - INFO  - C:\Users\Administrator\PycharmProjects\moonlight\resources
2023-10-04 00:13:22,600 - SubProcess.py    - INFO  - 线程: 12416 运行中...
2023-10-04 00:13:22,824 - SubProcess.py    - INFO  - 绑定成功
2023-10-04 00:13:22,824 - GameOpration.py  - INFO  - 窗口句柄: 395780 游戏中...
2023-10-04 00:13:25,842 - GameOpration.py  - INFO  - 窗口句柄: 395780 游戏中...
2023-10-04 00:13:54,277 - Log.py           - INFO  - 日志路径: C:\Users\Administrator\PycharmProjects\moonlight\logs
2023-10-04 00:13:54,278 - MainProcess.py   - INFO  - 启动 1 个线程...
2023-10-04 00:13:54,372 - OpTool.py        - INFO  - 0.4.2.0
2023-10-04 00:13:54,372 - OpTool.py        - INFO  - C:\Users\Administrator\PycharmProjects\moonlight\resources
2023-10-04 00:13:54,373 - MainProcess.py   - INFO  - 枚举窗口 hwnd: 395780 成功
2023-10-04 00:13:54,382 - SubProcess.py    - INFO  - 初始化线程op对象
2023-10-04 00:13:54,440 - OpTool.py        - INFO  - 0.4.2.0
2023-10-04 00:13:54,440 - OpTool.py        - INFO  - C:\Users\Administrator\PycharmProjects\moonlight\resources
2023-10-04 00:13:54,440 - SubProcess.py    - INFO  - 线程: 43520 运行中...
2023-10-04 00:13:54,655 - SubProcess.py    - INFO  - 绑定成功
2023-10-04 00:13:54,655 - GameOpration.py  - INFO  - 窗口句柄: 395780 游戏中...
2023-10-04 00:14:28,485 - Log.py           - INFO  - 日志路径: C:\Users\Administrator\PycharmProjects\moonlight\logs
2023-10-04 00:14:28,485 - MainProcess.py   - INFO  - 启动 1 个线程...
2023-10-04 00:14:28,591 - OpTool.py        - INFO  - 0.4.2.0
2023-10-04 00:14:28,592 - OpTool.py        - INFO  - C:\Users\Administrator\PycharmProjects\moonlight\resources
2023-10-04 00:14:28,596 - MainProcess.py   - INFO  - 枚举窗口 hwnd: 395780 成功
2023-10-04 00:14:28,614 - SubProcess.py    - INFO  - 初始化线程op对象
2023-10-04 00:14:28,688 - OpTool.py        - INFO  - 0.4.2.0
2023-10-04 00:14:28,689 - OpTool.py        - INFO  - C:\Users\Administrator\PycharmProjects\moonlight\resources
2023-10-04 00:14:28,689 - SubProcess.py    - INFO  - 线程: 41216 运行中...
2023-10-04 00:14:30,731 - SubProcess.py    - ERROR - 绑定失败
2023-10-04 00:14:30,731 - SubProcess.py    - INFO  - 线程: 41216 运行中...
2023-10-04 00:14:31,497 - SubProcess.py    - ERROR - 绑定失败
2023-10-04 00:14:31,497 - SubProcess.py    - INFO  - 线程: 41216 运行中...
2023-10-04 00:14:32,733 - SubProcess.py    - ERROR - 绑定失败
2023-10-04 00:14:32,734 - SubProcess.py    - INFO  - 线程: 41216 运行中...
2023-10-04 00:14:50,919 - Log.py           - INFO  - 日志路径: C:\Users\Administrator\PycharmProjects\moonlight\logs
2023-10-04 00:14:50,919 - MainProcess.py   - INFO  - 启动 1 个线程...
2023-10-04 00:14:51,025 - OpTool.py        - INFO  - 0.4.2.0
2023-10-04 00:14:51,025 - OpTool.py        - INFO  - C:\Users\Administrator\PycharmProjects\moonlight\resources
2023-10-04 00:14:51,027 - MainProcess.py   - INFO  - 枚举窗口 hwnd: 395780 成功
2023-10-04 00:14:51,045 - SubProcess.py    - INFO  - 初始化线程op对象
2023-10-04 00:14:51,125 - OpTool.py        - INFO  - 0.4.2.0
2023-10-04 00:14:51,125 - OpTool.py        - INFO  - C:\Users\Administrator\PycharmProjects\moonlight\resources
2023-10-04 00:14:51,125 - SubProcess.py    - INFO  - 线程: 35144 运行中...
2023-10-04 00:14:51,340 - SubProcess.py    - INFO  - 绑定成功
2023-10-04 00:14:51,340 - GameOpration.py  - INFO  - 窗口句柄: 395780 游戏中...
2023-10-04 00:14:53,373 - GameOpration.py  - INFO  - 窗口句柄: 395780 游戏中...
2023-10-04 00:16:57,199 - Log.py           - INFO  - 日志路径: C:\Users\Administrator\PycharmProjects\moonlight\logs
2023-10-04 00:16:57,199 - MainProcess.py   - INFO  - 启动 1 个线程...
2023-10-04 00:16:57,294 - OpTool.py        - INFO  - 0.4.2.0
2023-10-04 00:16:57,294 - OpTool.py        - INFO  - C:\Users\Administrator\PycharmProjects\moonlight\resources
2023-10-04 00:16:57,295 - MainProcess.py   - INFO  - 枚举窗口 hwnd: 395780 成功
2023-10-04 00:16:57,304 - SubProcess.py    - INFO  - 初始化线程op对象
2023-10-04 00:16:57,364 - OpTool.py        - INFO  - 0.4.2.0
2023-10-04 00:16:57,365 - OpTool.py        - INFO  - C:\Users\Administrator\PycharmProjects\moonlight\resources
2023-10-04 00:16:57,365 - SubProcess.py    - INFO  - 线程: 2964 运行中...
2023-10-04 00:16:57,575 - SubProcess.py    - INFO  - 绑定成功
2023-10-04 00:16:57,575 - GameOpration.py  - INFO  - 窗口句柄: 395780 游戏中...
2023-10-04 00:17:14,834 - Log.py           - INFO  - 日志路径: C:\Users\Administrator\PycharmProjects\moonlight\logs
2023-10-04 00:17:14,834 - MainProcess.py   - INFO  - 启动 1 个线程...
2023-10-04 00:17:14,953 - OpTool.py        - INFO  - 0.4.2.0
2023-10-04 00:17:14,953 - OpTool.py        - INFO  - C:\Users\Administrator\PycharmProjects\moonlight\resources
2023-10-04 00:17:14,958 - MainProcess.py   - INFO  - 枚举窗口 hwnd: 395780 成功
2023-10-04 00:17:14,976 - SubProcess.py    - INFO  - 初始化线程op对象
2023-10-04 00:17:15,060 - OpTool.py        - INFO  - 0.4.2.0
2023-10-04 00:17:15,060 - OpTool.py        - INFO  - C:\Users\Administrator\PycharmProjects\moonlight\resources
2023-10-04 00:17:15,060 - SubProcess.py    - INFO  - 线程: 42536 运行中...
2023-10-04 00:17:15,266 - SubProcess.py    - INFO  - 绑定成功
2023-10-04 00:17:15,266 - GameOpration.py  - INFO  - 窗口句柄: 395780 游戏中...
2023-10-04 00:17:17,319 - GameOpration.py  - INFO  - 窗口句柄: 395780 游戏中...
2023-10-04 00:17:19,350 - GameOpration.py  - INFO  - 窗口句柄: 395780 游戏中...
2023-10-04 00:17:21,374 - GameOpration.py  - INFO  - 窗口句柄: 395780 游戏中...
2023-10-04 00:17:23,406 - GameOpration.py  - INFO  - 窗口句柄: 395780 游戏中...
2023-10-04 00:21:55,355 - Log.py           - INFO  - 日志路径: C:\Users\Administrator\PycharmProjects\moonlight\logs
2023-10-04 00:21:55,355 - MainProcess.py   - INFO  - 启动 1 个线程...
2023-10-04 00:21:55,449 - OpTool.py        - INFO  - 0.4.2.0
2023-10-04 00:21:55,449 - OpTool.py        - INFO  - C:\Users\Administrator\PycharmProjects\moonlight\resources
2023-10-04 00:21:55,452 - MainProcess.py   - INFO  - 枚举窗口 hwnd: 395780 成功
2023-10-04 00:21:55,460 - SubProcess.py    - INFO  - 初始化线程op对象
2023-10-04 00:21:55,521 - OpTool.py        - INFO  - 0.4.2.0
2023-10-04 00:21:55,521 - OpTool.py        - INFO  - C:\Users\Administrator\PycharmProjects\moonlight\resources
2023-10-04 00:21:55,521 - SubProcess.py    - INFO  - 线程: 31604 运行中...
2023-10-04 00:21:55,742 - SubProcess.py    - INFO  - 绑定成功
2023-10-04 00:21:55,742 - GameOpration.py  - INFO  - 窗口句柄: 395780 游戏中...
2023-10-04 00:22:10,530 - Log.py           - INFO  - 日志路径: C:\Users\Administrator\PycharmProjects\moonlight\logs
2023-10-04 00:22:10,549 - MainProcess.py   - INFO  - 启动 1 个线程...
2023-10-04 00:22:10,658 - OpTool.py        - INFO  - 0.4.2.0
2023-10-04 00:22:10,658 - OpTool.py        - INFO  - C:\Users\Administrator\PycharmProjects\moonlight\resources
2023-10-04 00:22:10,660 - MainProcess.py   - INFO  - 枚举窗口 hwnd: 395780 成功
2023-10-04 00:22:10,669 - SubProcess.py    - INFO  - 初始化线程op对象
2023-10-04 00:22:10,740 - OpTool.py        - INFO  - 0.4.2.0
2023-10-04 00:22:10,741 - OpTool.py        - INFO  - C:\Users\Administrator\PycharmProjects\moonlight\resources
2023-10-04 00:22:10,741 - SubProcess.py    - INFO  - 线程: 41912 运行中...
2023-10-04 00:22:10,954 - SubProcess.py    - INFO  - 绑定成功
2023-10-04 00:22:12,836 - GameOpration.py  - INFO  - 窗口句柄: 395780 游戏中...
2023-10-04 00:23:53,612 - Log.py           - INFO  - 日志路径: C:\Users\Administrator\PycharmProjects\moonlight\logs
2023-10-04 00:23:53,613 - MainProcess.py   - INFO  - 启动 1 个线程...
2023-10-04 00:23:53,725 - OpTool.py        - INFO  - 0.4.2.0
2023-10-04 00:23:53,725 - OpTool.py        - INFO  - C:\Users\Administrator\PycharmProjects\moonlight\resources
2023-10-04 00:23:53,728 - MainProcess.py   - INFO  - 枚举窗口 hwnd: 395780 成功
2023-10-04 00:23:53,745 - SubProcess.py    - INFO  - 初始化线程op对象
2023-10-04 00:23:53,822 - OpTool.py        - INFO  - 0.4.2.0
2023-10-04 00:23:53,823 - OpTool.py        - INFO  - C:\Users\Administrator\PycharmProjects\moonlight\resources
2023-10-04 00:23:53,823 - SubProcess.py    - INFO  - 线程: 42280 运行中...
2023-10-04 00:23:54,045 - SubProcess.py    - INFO  - 绑定成功
2023-10-04 00:23:54,045 - GameOpration.py  - INFO  - 窗口句柄: 395780 游戏中...
2023-10-04 01:09:32,567 - Log.py           - INFO  - 日志路径: C:\Users\Administrator\PycharmProjects\moonlight\logs
2023-10-04 01:09:32,567 - MainProcess.py   - INFO  - 启动 1 个线程...
2023-10-04 01:09:32,657 - OpTool.py        - INFO  - 0.4.2.0
2023-10-04 01:09:32,658 - OpTool.py        - INFO  - C:\Users\Administrator\PycharmProjects\moonlight\resources
2023-10-04 01:11:49,964 - Log.py           - INFO  - 日志路径: C:\Users\Administrator\PycharmProjects\moonlight\logs
2023-10-04 01:11:49,983 - MainProcess.py   - INFO  - 启动 1 个线程...
2023-10-04 01:11:50,095 - OpTool.py        - INFO  - 0.4.2.0
2023-10-04 01:11:50,095 - OpTool.py        - INFO  - C:\Users\Administrator\PycharmProjects\moonlight\resources
2023-10-04 01:11:50,097 - MainProcess.py   - INFO  - 枚举窗口 hwnd: 4854766 成功
2023-10-04 01:11:50,104 - SubProcess.py    - INFO  - 初始化线程op对象
2023-10-04 01:11:50,179 - OpTool.py        - INFO  - 0.4.2.0
2023-10-04 01:11:50,179 - OpTool.py        - INFO  - C:\Users\Administrator\PycharmProjects\moonlight\resources
2023-10-04 01:11:50,179 - SubProcess.py    - INFO  - 线程: 50760 运行中...
2023-10-04 01:11:53,221 - SubProcess.py    - ERROR - 绑定失败
2023-10-04 01:11:53,222 - SubProcess.py    - INFO  - 线程: 50760 运行中...
2023-10-04 01:16:33,766 - Log.py           - INFO  - 日志路径: C:\Users\Administrator\PycharmProjects\moonlight\logs
2023-10-04 01:16:33,767 - MainProcess.py   - INFO  - 启动 1 个线程...
2023-10-04 01:16:33,883 - OpTool.py        - INFO  - 0.4.2.0
2023-10-04 01:16:33,883 - OpTool.py        - INFO  - C:\Users\Administrator\PycharmProjects\moonlight\resources
2023-10-04 01:16:33,884 - MainProcess.py   - INFO  - 枚举窗口 hwnd: 4854766 成功
2023-10-04 01:16:33,893 - SubProcess.py    - INFO  - 初始化线程op对象
2023-10-04 01:16:33,964 - OpTool.py        - INFO  - 0.4.2.0
2023-10-04 01:16:33,964 - OpTool.py        - INFO  - C:\Users\Administrator\PycharmProjects\moonlight\resources
2023-10-04 01:16:33,964 - SubProcess.py    - INFO  - 线程: 51248 运行中...
2023-10-04 01:17:01,280 - Log.py           - INFO  - 日志路径: C:\Users\Administrator\PycharmProjects\moonlight\logs
2023-10-04 01:17:01,311 - MainProcess.py   - INFO  - 启动 1 个线程...
2023-10-04 01:17:01,416 - OpTool.py        - INFO  - 0.4.2.0
2023-10-04 01:17:01,417 - OpTool.py        - INFO  - C:\Users\Administrator\PycharmProjects\moonlight\resources
2023-10-04 01:17:01,419 - MainProcess.py   - INFO  - 枚举窗口 hwnd: 4854766 成功
2023-10-04 01:17:01,427 - SubProcess.py    - INFO  - 初始化线程op对象
2023-10-04 01:17:01,491 - OpTool.py        - INFO  - 0.4.2.0
2023-10-04 01:17:01,491 - OpTool.py        - INFO  - C:\Users\Administrator\PycharmProjects\moonlight\resources
2023-10-04 01:17:01,492 - SubProcess.py    - INFO  - 线程: 51248 运行中...
2023-10-04 01:17:34,932 - Log.py           - INFO  - 日志路径: C:\Users\Administrator\PycharmProjects\moonlight\logs
2023-10-04 01:17:34,950 - MainProcess.py   - INFO  - 启动 1 个线程...
2023-10-04 01:17:35,111 - OpTool.py        - INFO  - 0.4.2.0
2023-10-04 01:17:35,111 - OpTool.py        - INFO  - C:\Users\Administrator\PycharmProjects\moonlight\resources
2023-10-04 01:17:35,112 - MainProcess.py   - INFO  - 枚举窗口 hwnd: 4854766 成功
2023-10-04 01:17:35,120 - SubProcess.py    - INFO  - 初始化线程op对象
2023-10-04 01:17:35,200 - OpTool.py        - INFO  - 0.4.2.0
2023-10-04 01:17:35,200 - OpTool.py        - INFO  - C:\Users\Administrator\PycharmProjects\moonlight\resources
2023-10-04 01:17:35,200 - SubProcess.py    - INFO  - 线程: 52616 运行中...
2023-10-04 01:17:41,729 - SubProcess.py    - INFO  - 绑定成功
2023-10-04 01:17:48,483 - GameOpration.py  - INFO  - 窗口句柄: 4854766 游戏中...
2023-10-04 22:56:58,478 - Log.py           - INFO  - 日志路径: C:\Users\Administrator\PycharmProjects\moonlight\logs
2023-10-04 22:56:58,495 - MainProcess.py   - INFO  - 启动 1 个线程...
2023-10-04 22:56:58,639 - OpTool.py        - INFO  - 0.4.2.0
2023-10-04 22:56:58,639 - OpTool.py        - INFO  - C:\Users\Administrator\PycharmProjects\moonlight\resources
2023-10-04 22:56:58,640 - MainProcess.py   - INFO  - 枚举窗口 hwnd: 462726 成功
2023-10-04 22:56:58,649 - SubProcess.py    - INFO  - 初始化线程op对象
2023-10-04 22:56:58,714 - OpTool.py        - INFO  - 0.4.2.0
2023-10-04 22:56:58,714 - OpTool.py        - INFO  - C:\Users\Administrator\PycharmProjects\moonlight\resources
2023-10-04 22:56:58,714 - SubProcess.py    - INFO  - 线程: 39056 运行中...
2023-10-04 22:57:03,088 - SubProcess.py    - INFO  - 绑定成功
2023-10-04 22:57:07,222 - GameOpration.py  - INFO  - 窗口句柄: 462726 游戏中...
2023-10-04 22:57:29,823 - GameOpration.py  - INFO  - 窗口句柄: 462726 游戏中...
2023-10-04 22:59:16,712 - Log.py           - INFO  - 日志路径: C:\Users\Administrator\PycharmProjects\moonlight\logs
2023-10-04 22:59:16,732 - MainProcess.py   - INFO  - 启动 1 个线程...
2023-10-04 22:59:16,840 - OpTool.py        - INFO  - 0.4.2.0
2023-10-04 22:59:16,840 - OpTool.py        - INFO  - C:\Users\Administrator\PycharmProjects\moonlight\resources
2023-10-04 22:59:16,841 - MainProcess.py   - INFO  - 枚举窗口 hwnd: 462726 成功
2023-10-04 22:59:16,849 - SubProcess.py    - INFO  - 初始化线程op对象
2023-10-04 22:59:16,914 - OpTool.py        - INFO  - 0.4.2.0
2023-10-04 22:59:16,914 - OpTool.py        - INFO  - C:\Users\Administrator\PycharmProjects\moonlight\resources
2023-10-04 22:59:16,914 - SubProcess.py    - INFO  - 线程: 58856 运行中...
2023-10-04 22:59:19,501 - SubProcess.py    - INFO  - 绑定成功
2023-10-04 22:59:19,501 - GameOpration.py  - INFO  - 窗口句柄: 462726 游戏中...
2023-10-04 22:59:47,316 - Log.py           - INFO  - 日志路径: C:\Users\Administrator\PycharmProjects\moonlight\logs
2023-10-04 22:59:47,338 - MainProcess.py   - INFO  - 启动 1 个线程...
2023-10-04 22:59:47,458 - OpTool.py        - INFO  - 0.4.2.0
2023-10-04 22:59:47,458 - OpTool.py        - INFO  - C:\Users\Administrator\PycharmProjects\moonlight\resources
2023-10-04 22:59:47,460 - MainProcess.py   - INFO  - 枚举窗口 hwnd: 462726 成功
2023-10-04 22:59:47,473 - SubProcess.py    - INFO  - 初始化线程op对象
2023-10-04 22:59:47,544 - OpTool.py        - INFO  - 0.4.2.0
2023-10-04 22:59:47,544 - OpTool.py        - INFO  - C:\Users\Administrator\PycharmProjects\moonlight\resources
2023-10-04 22:59:47,545 - SubProcess.py    - INFO  - 线程: 39084 运行中...
2023-10-04 22:59:49,390 - SubProcess.py    - INFO  - 绑定成功
2023-10-04 22:59:49,391 - GameOpration.py  - INFO  - 窗口句柄: 462726 游戏中...
2023-10-04 23:00:01,480 - GameOpration.py  - INFO  - 窗口句柄: 462726 游戏中...
2023-10-04 23:00:33,026 - Log.py           - INFO  - 日志路径: C:\Users\Administrator\PycharmProjects\moonlight\logs
2023-10-04 23:00:33,041 - MainProcess.py   - INFO  - 启动 1 个线程...
2023-10-04 23:00:33,140 - OpTool.py        - INFO  - 0.4.2.0
2023-10-04 23:00:33,141 - OpTool.py        - INFO  - C:\Users\Administrator\PycharmProjects\moonlight\resources
2023-10-04 23:00:33,142 - MainProcess.py   - INFO  - 枚举窗口 hwnd: 462726 成功
2023-10-04 23:00:33,151 - SubProcess.py    - INFO  - 初始化线程op对象
2023-10-04 23:00:33,214 - OpTool.py        - INFO  - 0.4.2.0
2023-10-04 23:00:33,214 - OpTool.py        - INFO  - C:\Users\Administrator\PycharmProjects\moonlight\resources
2023-10-04 23:00:33,214 - SubProcess.py    - INFO  - 线程: 59972 运行中...
2023-10-04 23:00:33,416 - SubProcess.py    - INFO  - 绑定成功
2023-10-04 23:00:33,417 - GameOpration.py  - INFO  - 窗口句柄: 462726 游戏中...
2023-10-04 23:00:37,044 - GameOpration.py  - INFO  - 窗口句柄: 462726 游戏中...
2023-10-04 23:00:51,247 - Log.py           - INFO  - 日志路径: C:\Users\Administrator\PycharmProjects\moonlight\logs
2023-10-04 23:00:51,263 - MainProcess.py   - INFO  - 启动 1 个线程...
2023-10-04 23:00:51,394 - OpTool.py        - INFO  - 0.4.2.0
2023-10-04 23:00:51,394 - OpTool.py        - INFO  - C:\Users\Administrator\PycharmProjects\moonlight\resources
2023-10-04 23:00:51,396 - MainProcess.py   - INFO  - 枚举窗口 hwnd: 462726 成功
2023-10-04 23:00:51,405 - SubProcess.py    - INFO  - 初始化线程op对象
2023-10-04 23:00:51,482 - OpTool.py        - INFO  - 0.4.2.0
2023-10-04 23:00:51,482 - OpTool.py        - INFO  - C:\Users\Administrator\PycharmProjects\moonlight\resources
2023-10-04 23:00:51,482 - SubProcess.py    - INFO  - 线程: 60176 运行中...
2023-10-04 23:00:51,691 - SubProcess.py    - INFO  - 绑定成功
2023-10-04 23:00:51,691 - GameOpration.py  - INFO  - 窗口句柄: 462726 游戏中...
2023-10-04 23:00:58,980 - GameOpration.py  - INFO  - 窗口句柄: 462726 游戏中...
2023-10-04 23:01:08,898 - GameOpration.py  - INFO  - 窗口句柄: 462726 游戏中...
2023-10-04 23:01:10,909 - GameOpration.py  - INFO  - 窗口句柄: 462726 游戏中...
2023-10-04 23:01:12,916 - GameOpration.py  - INFO  - 窗口句柄: 462726 游戏中...
2023-10-04 23:01:41,734 - Log.py           - INFO  - 日志路径: C:\Users\Administrator\PycharmProjects\moonlight\logs
2023-10-04 23:01:41,734 - MainProcess.py   - INFO  - 启动 1 个线程...
2023-10-04 23:01:41,841 - OpTool.py        - INFO  - 0.4.2.0
2023-10-04 23:01:41,841 - OpTool.py        - INFO  - C:\Users\Administrator\PycharmProjects\moonlight\resources
2023-10-04 23:01:41,842 - MainProcess.py   - INFO  - 枚举窗口 hwnd: 462726 成功
2023-10-04 23:01:41,850 - SubProcess.py    - INFO  - 初始化线程op对象
2023-10-04 23:01:41,915 - OpTool.py        - INFO  - 0.4.2.0
2023-10-04 23:01:41,915 - OpTool.py        - INFO  - C:\Users\Administrator\PycharmProjects\moonlight\resources
2023-10-04 23:01:41,915 - SubProcess.py    - INFO  - 线程: 59864 运行中...
2023-10-04 23:01:42,129 - SubProcess.py    - INFO  - 绑定成功
2023-10-04 23:01:42,129 - GameOpration.py  - INFO  - 窗口句柄: 462726 游戏中...
2023-10-04 23:01:44,141 - SubProcess.py    - INFO  - 线程: 59864 运行中...
2023-10-04 23:01:44,141 - GameOpration.py  - INFO  - 窗口句柄: 462726 游戏中...
2023-10-04 23:01:46,158 - SubProcess.py    - INFO  - 线程: 59864 运行中...
2023-10-04 23:01:46,158 - GameOpration.py  - INFO  - 窗口句柄: 462726 游戏中...
2023-10-04 23:01:48,165 - SubProcess.py    - INFO  - 线程: 59864 运行中...
2023-10-04 23:01:48,165 - GameOpration.py  - INFO  - 窗口句柄: 462726 游戏中...
2023-10-04 23:01:50,175 - SubProcess.py    - INFO  - 线程: 59864 运行中...
2023-10-04 23:01:50,175 - GameOpration.py  - INFO  - 窗口句柄: 462726 游戏中...
2023-10-04 23:01:52,188 - SubProcess.py    - INFO  - 线程: 59864 运行中...
2023-10-04 23:01:52,188 - GameOpration.py  - INFO  - 窗口句柄: 462726 游戏中...
2023-10-04 23:01:54,196 - SubProcess.py    - INFO  - 线程: 59864 运行中...
2023-10-04 23:01:54,196 - GameOpration.py  - INFO  - 窗口句柄: 462726 游戏中...
2023-10-04 23:01:56,202 - SubProcess.py    - INFO  - 线程: 59864 运行中...
2023-10-04 23:01:56,202 - GameOpration.py  - INFO  - 窗口句柄: 462726 游戏中...
2023-10-04 23:01:58,213 - SubProcess.py    - INFO  - 线程: 59864 运行中...
2023-10-04 23:01:58,213 - GameOpration.py  - INFO  - 窗口句柄: 462726 游戏中...
2023-10-04 23:02:12,961 - Log.py           - INFO  - 日志路径: C:\Users\Administrator\PycharmProjects\moonlight\logs
2023-10-04 23:02:12,962 - MainProcess.py   - INFO  - 启动 1 个线程...
2023-10-04 23:02:13,057 - OpTool.py        - INFO  - 0.4.2.0
2023-10-04 23:02:13,057 - OpTool.py        - INFO  - C:\Users\Administrator\PycharmProjects\moonlight\resources
2023-10-04 23:02:13,059 - MainProcess.py   - INFO  - 枚举窗口 hwnd: 462726 成功
2023-10-04 23:02:13,066 - SubProcess.py    - INFO  - 初始化线程op对象
2023-10-04 23:02:13,130 - OpTool.py        - INFO  - 0.4.2.0
2023-10-04 23:02:13,130 - OpTool.py        - INFO  - C:\Users\Administrator\PycharmProjects\moonlight\resources
2023-10-04 23:02:13,130 - SubProcess.py    - INFO  - 线程: 56328 运行中...
2023-10-04 23:02:13,334 - SubProcess.py    - INFO  - 绑定成功
2023-10-04 23:02:13,334 - GameOpration.py  - INFO  - 窗口句柄: 462726 游戏中...
2023-10-04 23:02:15,376 - SubProcess.py    - INFO  - 线程: 56328 运行中...
2023-10-04 23:02:15,376 - GameOpration.py  - INFO  - 窗口句柄: 462726 游戏中...
2023-10-04 23:02:17,407 - SubProcess.py    - INFO  - 线程: 56328 运行中...
2023-10-04 23:02:17,407 - GameOpration.py  - INFO  - 窗口句柄: 462726 游戏中...
2023-10-04 23:02:19,430 - SubProcess.py    - INFO  - 线程: 56328 运行中...
2023-10-04 23:02:19,430 - GameOpration.py  - INFO  - 窗口句柄: 462726 游戏中...
2023-10-04 23:02:21,449 - SubProcess.py    - INFO  - 线程: 56328 运行中...
2023-10-04 23:02:21,449 - GameOpration.py  - INFO  - 窗口句柄: 462726 游戏中...
2023-10-04 23:02:23,476 - SubProcess.py    - INFO  - 线程: 56328 运行中...
2023-10-04 23:02:23,476 - GameOpration.py  - INFO  - 窗口句柄: 462726 游戏中...
2023-10-04 23:02:54,114 - Log.py           - INFO  - 日志路径: C:\Users\Administrator\PycharmProjects\moonlight\logs
2023-10-04 23:02:54,114 - MainProcess.py   - INFO  - 启动 1 个线程...
2023-10-04 23:02:54,210 - OpTool.py        - INFO  - 0.4.2.0
2023-10-04 23:02:54,210 - OpTool.py        - INFO  - C:\Users\Administrator\PycharmProjects\moonlight\resources
2023-10-04 23:02:54,211 - MainProcess.py   - INFO  - 枚举窗口 hwnd: 462726 成功
2023-10-04 23:02:54,221 - SubProcess.py    - INFO  - 初始化线程op对象
2023-10-04 23:02:54,286 - OpTool.py        - INFO  - 0.4.2.0
2023-10-04 23:02:54,286 - OpTool.py        - INFO  - C:\Users\Administrator\PycharmProjects\moonlight\resources
2023-10-04 23:02:54,286 - SubProcess.py    - INFO  - 线程: 56896 运行中...
2023-10-04 23:02:54,499 - SubProcess.py    - INFO  - 绑定成功
2023-10-04 23:02:54,499 - GameOpration.py  - INFO  - 窗口句柄: 462726 游戏中...
2023-10-04 23:02:56,528 - SubProcess.py    - INFO  - 线程: 56896 运行中...
2023-10-04 23:02:56,528 - GameOpration.py  - INFO  - 窗口句柄: 462726 游戏中...
2023-10-04 23:02:58,555 - SubProcess.py    - INFO  - 线程: 56896 运行中...
2023-10-04 23:02:58,555 - GameOpration.py  - INFO  - 窗口句柄: 462726 游戏中...
2023-10-04 23:03:00,574 - SubProcess.py    - INFO  - 线程: 56896 运行中...
2023-10-04 23:03:00,574 - GameOpration.py  - INFO  - 窗口句柄: 462726 游戏中...
2023-10-04 23:04:20,244 - Log.py           - INFO  - 日志路径: C:\Users\Administrator\PycharmProjects\moonlight\logs
2023-10-04 23:04:20,245 - MainProcess.py   - INFO  - 启动 1 个线程...
2023-10-04 23:04:20,341 - OpTool.py        - INFO  - 0.4.2.0
2023-10-04 23:04:20,341 - OpTool.py        - INFO  - C:\Users\Administrator\PycharmProjects\moonlight\resources
2023-10-04 23:04:20,342 - MainProcess.py   - INFO  - 枚举窗口 hwnd: 462726 成功
2023-10-04 23:04:20,351 - SubProcess.py    - INFO  - 初始化线程op对象
2023-10-04 23:04:20,413 - OpTool.py        - INFO  - 0.4.2.0
2023-10-04 23:04:20,413 - OpTool.py        - INFO  - C:\Users\Administrator\PycharmProjects\moonlight\resources
2023-10-04 23:04:20,413 - SubProcess.py    - INFO  - 线程: 58932 运行中...
2023-10-04 23:04:20,621 - SubProcess.py    - INFO  - 绑定成功
2023-10-04 23:04:20,621 - GameOpration.py  - INFO  - 窗口句柄: 462726 游戏中...
2023-10-04 23:04:22,647 - SubProcess.py    - INFO  - 线程: 58932 运行中...
2023-10-04 23:04:22,647 - GameOpration.py  - INFO  - 窗口句柄: 462726 游戏中...
2023-10-04 23:04:24,665 - SubProcess.py    - INFO  - 线程: 58932 运行中...
2023-10-04 23:04:24,665 - GameOpration.py  - INFO  - 窗口句柄: 462726 游戏中...
2023-10-04 23:04:26,685 - SubProcess.py    - INFO  - 线程: 58932 运行中...
2023-10-04 23:04:26,685 - GameOpration.py  - INFO  - 窗口句柄: 462726 游戏中...
2023-10-04 23:04:32,111 - Log.py           - INFO  - 日志路径: C:\Users\Administrator\PycharmProjects\moonlight\logs
2023-10-04 23:04:32,111 - MainProcess.py   - INFO  - 启动 1 个线程...
2023-10-04 23:04:32,207 - OpTool.py        - INFO  - 0.4.2.0
2023-10-04 23:04:32,208 - OpTool.py        - INFO  - C:\Users\Administrator\PycharmProjects\moonlight\resources
2023-10-04 23:04:32,209 - MainProcess.py   - INFO  - 枚举窗口 hwnd: 462726 成功
2023-10-04 23:04:32,217 - SubProcess.py    - INFO  - 初始化线程op对象
2023-10-04 23:04:32,279 - OpTool.py        - INFO  - 0.4.2.0
2023-10-04 23:04:32,279 - OpTool.py        - INFO  - C:\Users\Administrator\PycharmProjects\moonlight\resources
2023-10-04 23:04:32,280 - SubProcess.py    - INFO  - 线程: 60288 运行中...
2023-10-04 23:04:32,496 - SubProcess.py    - INFO  - 绑定成功
2023-10-04 23:04:32,496 - GameOpration.py  - INFO  - 窗口句柄: 462726 游戏中...
2023-10-04 23:04:34,518 - SubProcess.py    - INFO  - 线程: 60288 运行中...
2023-10-04 23:04:34,518 - GameOpration.py  - INFO  - 窗口句柄: 462726 游戏中...
2023-10-04 23:04:36,550 - SubProcess.py    - INFO  - 线程: 60288 运行中...
2023-10-04 23:04:36,550 - GameOpration.py  - INFO  - 窗口句柄: 462726 游戏中...
2023-10-04 23:04:38,571 - SubProcess.py    - INFO  - 线程: 60288 运行中...
2023-10-04 23:04:38,571 - GameOpration.py  - INFO  - 窗口句柄: 462726 游戏中...
2023-10-04 23:04:40,056 - Log.py           - INFO  - 日志路径: C:\Users\Administrator\PycharmProjects\moonlight\logs
2023-10-04 23:04:40,072 - MainProcess.py   - INFO  - 启动 1 个线程...
2023-10-04 23:04:40,179 - OpTool.py        - INFO  - 0.4.2.0
2023-10-04 23:04:40,179 - OpTool.py        - INFO  - C:\Users\Administrator\PycharmProjects\moonlight\resources
2023-10-04 23:04:40,181 - MainProcess.py   - INFO  - 枚举窗口 hwnd: 462726 成功
2023-10-04 23:04:40,197 - SubProcess.py    - INFO  - 初始化线程op对象
2023-10-04 23:04:40,276 - OpTool.py        - INFO  - 0.4.2.0
2023-10-04 23:04:40,277 - OpTool.py        - INFO  - C:\Users\Administrator\PycharmProjects\moonlight\resources
2023-10-04 23:04:40,277 - SubProcess.py    - INFO  - 线程: 56232 运行中...
2023-10-04 23:04:40,492 - SubProcess.py    - INFO  - 绑定成功
2023-10-04 23:04:40,492 - GameOpration.py  - INFO  - 窗口句柄: 462726 游戏中...
2023-10-04 23:04:42,518 - SubProcess.py    - INFO  - 线程: 56232 运行中...
2023-10-04 23:04:42,518 - GameOpration.py  - INFO  - 窗口句柄: 462726 游戏中...
2023-10-04 23:04:44,538 - SubProcess.py    - INFO  - 线程: 56232 运行中...
2023-10-04 23:04:44,538 - GameOpration.py  - INFO  - 窗口句柄: 462726 游戏中...
2023-10-04 23:04:46,561 - SubProcess.py    - INFO  - 线程: 56232 运行中...
2023-10-04 23:04:49,836 - GameOpration.py  - INFO  - 窗口句柄: 462726 游戏中...
